<?xml version="1.0" encoding="UTF-8"?>
<testng-results skipped="0" failed="0" ignored="0" total="1" passed="1">
  <reporter-output>
  </reporter-output>
  <suite name="Default suite" duration-ms="45807" started-at="2019-06-21T06:14:46Z" finished-at="2019-06-21T06:15:31Z">
    <groups>
    </groups>
    <test name="Default test" duration-ms="45807" started-at="2019-06-21T06:14:46Z" finished-at="2019-06-21T06:15:31Z">
      <class name="com.training.regression.tests.ELTC_070_Tests">
        <test-method status="PASS" signature="setUpBeforeClass()[pri:0, instance:com.training.regression.tests.ELTC_070_Tests@3bfdc050]" name="setUpBeforeClass" is-config="true" duration-ms="35" started-at="2019-06-21T06:14:46Z" finished-at="2019-06-21T06:14:46Z">
          <reporter-output>
          </reporter-output>
        </test-method> <!-- setUpBeforeClass -->
        <test-method status="PASS" signature="setUp()[pri:0, instance:com.training.regression.tests.ELTC_070_Tests@3bfdc050]" name="setUp" is-config="true" duration-ms="15849" started-at="2019-06-21T06:14:47Z" finished-at="2019-06-21T06:15:03Z">
          <reporter-output>
          </reporter-output>
        </test-method> <!-- setUp -->
        <test-method status="PASS" signature="studentLoginAndTakeTest(java.lang.String, java.lang.String)[pri:2, instance:com.training.regression.tests.ELTC_070_Tests@3bfdc050]" name="studentLoginAndTakeTest" duration-ms="28721" started-at="2019-06-21T06:15:03Z" data-provider="excel-inputs3" finished-at="2019-06-21T06:15:31Z">
          <params>
            <param index="0">
              <value>
                <![CDATA[admin]]>
              </value>
            </param>
            <param index="1">
              <value>
                <![CDATA[admin@123]]>
              </value>
            </param>
          </params>
          <reporter-output>
          </reporter-output>
        </test-method> <!-- studentLoginAndTakeTest -->
      </class> <!-- com.training.regression.tests.ELTC_070_Tests -->
    </test> <!-- Default test -->
  </suite> <!-- Default suite -->
</testng-results>
